\BOOKMARK [1][-]{section.1}{Objective}{}% 1
\BOOKMARK [1][-]{section.2}{Education}{}% 2
\BOOKMARK [2][-]{subsection.2.1}{University of Texas at Dallas August 2016 -– May 2018\(expected\)}{section.2}% 3
\BOOKMARK [2][-]{subsection.2.2}{National Chengchi University September 2014 -– June 2016}{section.2}% 4
\BOOKMARK [2][-]{subsection.2.3}{National Taiwan University September 2004 -– June 2009}{section.2}% 5
\BOOKMARK [1][-]{section.3}{Work experience}{}% 6
\BOOKMARK [2][-]{subsection.3.1}{Foxconn Technology Group: Chairman Office Taipei, Taiwan / Shenzhen, China}{section.3}% 7
\BOOKMARK [3][-]{subsubsection.3.1.1}{1}{subsection.3.1}% 8
\BOOKMARK [3][-]{subsubsection.3.1.2}{2}{subsection.3.1}% 9
\BOOKMARK [3][-]{subsubsection.3.1.3}{3}{subsection.3.1}% 10
\BOOKMARK [2][-]{subsection.3.2}{Foxconn: Consumer \046 Computer Products Business Group \(CCPBG\) Taipei, Taiwan / Yantai, China}{section.3}% 11
\BOOKMARK [3][-]{subsubsection.3.2.1}{1}{subsection.3.2}% 12
\BOOKMARK [3][-]{subsubsection.3.2.2}{2}{subsection.3.2}% 13
\BOOKMARK [1][-]{section.4}{Projects}{}% 14
\BOOKMARK [2][-]{subsubsection.4.0.1}{Java}{section.4}% 15
\BOOKMARK [3][-]{subsubsection.4.0.2}{Java}{subsubsection.4.0.1}% 16
\BOOKMARK [3][-]{subsubsection.4.0.3}{Java}{subsubsection.4.0.1}% 17
\BOOKMARK [3][-]{subsubsection.4.0.4}{Python-TensorFlow}{subsubsection.4.0.1}% 18
\BOOKMARK [3][-]{subsubsection.4.0.5}{Python}{subsubsection.4.0.1}% 19
\BOOKMARK [3][-]{subsubsection.4.0.6}{Python}{subsubsection.4.0.1}% 20
\BOOKMARK [1][-]{section.5}{Proficiencies and Skills}{}% 21
\BOOKMARK [1][-]{section.6}{Intern / Volunteer}{}% 22
\BOOKMARK [2][-]{subsection.6.1}{Institute of Electrical and Electronics Engineers \(IEEE\) Dallas Young Professionals}{section.6}% 23
\BOOKMARK [3][-]{subsubsection.6.1.1}{}{subsection.6.1}% 24
